<?xml version="1.0" encoding="UTF-8"?>
<testsuite name="SyntacticAnalyzerTest11" tests="1" skipped="0" failures="0" errors="0" timestamp="2021-04-22T18:39:23" hostname="MacBook-Pro.fibertel.com.ar" time="0.156">
  <properties/>
  <testcase name="test016_GivenConstVariableShouldReturnDeclarationNode" classname="SyntacticAnalyzerTest11" time="0.156"/>
  <system-out><![CDATA[]]></system-out>
  <system-err><![CDATA[]]></system-err>
</testsuite>
